  Level.cpp
C:\Users\amz0086\Documents\GitHub\CU4012-2nd-Coursework-Template\CU4012-SFML\Level.cpp(41,77): warning C4244: 'argument': conversion from 'T' to 'T', possible loss of data
          with
          [
              T=unsigned int
          ]
          and
          [
              T=float
          ]
C:\Users\amz0086\Documents\GitHub\CU4012-2nd-Coursework-Template\CU4012-SFML\Level.cpp(41,56): warning C4244: 'argument': conversion from 'T' to 'T', possible loss of data
          with
          [
              T=unsigned int
          ]
          and
          [
              T=float
          ]
C:\Users\amz0086\Documents\GitHub\CU4012-2nd-Coursework-Template\CU4012-SFML\Level.cpp(48,47): warning C4244: 'argument': conversion from 'T' to 'float', possible loss of data
          with
          [
              T=unsigned int
          ]
C:\Users\amz0086\Documents\GitHub\CU4012-2nd-Coursework-Template\CU4012-SFML\Level.cpp(94,77): warning C4244: 'argument': conversion from 'T' to 'T', possible loss of data
          with
          [
              T=unsigned int
          ]
          and
          [
              T=float
          ]
C:\Users\amz0086\Documents\GitHub\CU4012-2nd-Coursework-Template\CU4012-SFML\Level.cpp(94,56): warning C4244: 'argument': conversion from 'T' to 'T', possible loss of data
          with
          [
              T=unsigned int
          ]
          and
          [
              T=float
          ]
  CU4012-SFML.vcxproj -> C:\Users\amz0086\Documents\GitHub\CU4012-2nd-Coursework-Template\x64\Debug\CU4012-SFML.exe
